<?xml version="1.0" encoding="UTF-8"?>
<!-- Generated by org.testng.reporters.JUnitReportReporter -->
<testsuite skipped="0" hostname="RCT-7D020565H" name="AutoManPracticeTestCases.E2ETC" tests="1" failures="0" timestamp="2020-09-06T00:44:33 EDT" time="8.140" errors="0">
  <testcase name="E2E" time="8.140" classname="AutoManPracticeTestCases.E2ETC"/>
  <system-out/>
</testsuite> <!-- AutoManPracticeTestCases.E2ETC -->
