<?xml version="1.0" encoding="UTF-8"?>
<!-- Generated by org.testng.reporters.JUnitReportReporter -->
<testsuite skipped="0" hostname="RCT-7D020565H" name="com.automationPractice.qa.tests.HomePageTest" tests="1" failures="0" timestamp="2020-09-14T04:25:39 EDT" time="15.206" errors="0">
  <testcase name="verify_title_homePage" time="15.206" classname="com.automationPractice.qa.tests.HomePageTest"/>
  <system-out/>
</testsuite> <!-- com.automationPractice.qa.tests.HomePageTest -->
