<?xml version="1.0" encoding="UTF-8"?>
<!-- Generated by org.testng.reporters.JUnitReportReporter -->
<testsuite skipped="0" hostname="RCT-7D020565H" name="com.automationPractice.qa.tests.ContactUsPageTest" tests="5" failures="0" timestamp="2020-09-14T04:08:30 EDT" time="17.919" errors="0">
  <testcase name="verify_contactUs_form" time="2.746" classname="com.automationPractice.qa.tests.ContactUsPageTest"/>
  <system-out/>
  <testcase name="verify_contactUs_form" time="3.417" classname="com.automationPractice.qa.tests.ContactUsPageTest"/>
  <system-out/>
  <testcase name="verify_contactUs_form" time="7.002" classname="com.automationPractice.qa.tests.ContactUsPageTest"/>
  <system-out/>
  <testcase name="verify_contactUs_form" time="2.226" classname="com.automationPractice.qa.tests.ContactUsPageTest"/>
  <system-out/>
  <testcase name="verify_contactUs_form" time="2.528" classname="com.automationPractice.qa.tests.ContactUsPageTest"/>
  <system-out/>
</testsuite> <!-- com.automationPractice.qa.tests.ContactUsPageTest -->
