<?xml version="1.0" encoding="UTF-8"?>
<!-- Generated by org.testng.reporters.JUnitReportReporter -->
<testsuite skipped="0" hostname="RCT-7D020565H" name="AutoManPracticeTestCases.ContactUsPageTest" tests="5" failures="0" timestamp="2020-09-09T04:40:47 EDT" time="15.443" errors="0">
  <testcase name="verify_contactUs_form" time="4.128" classname="AutoManPracticeTestCases.ContactUsPageTest"/>
  <system-out/>
  <testcase name="verify_contactUs_form" time="2.583" classname="AutoManPracticeTestCases.ContactUsPageTest"/>
  <system-out/>
  <testcase name="verify_contactUs_form" time="3.170" classname="AutoManPracticeTestCases.ContactUsPageTest"/>
  <system-out/>
  <testcase name="verify_contactUs_form" time="2.199" classname="AutoManPracticeTestCases.ContactUsPageTest"/>
  <system-out/>
  <testcase name="verify_contactUs_form" time="3.363" classname="AutoManPracticeTestCases.ContactUsPageTest"/>
  <system-out/>
</testsuite> <!-- AutoManPracticeTestCases.ContactUsPageTest -->
