<?xml version="1.0" encoding="UTF-8"?>
<!-- Generated by org.testng.reporters.JUnitReportReporter -->
<testsuite skipped="0" hostname="RCT-7D020565H" name="com.automationPractice.qa.tests.DressesPageTest" tests="1" failures="0" timestamp="2020-09-14T05:35:51 EDT" time="4.280" errors="0">
  <testcase name="verify_dress_addedTo_cart" time="4.280" classname="com.automationPractice.qa.tests.DressesPageTest"/>
  <system-out/>
</testsuite> <!-- com.automationPractice.qa.tests.DressesPageTest -->
