<?xml version="1.0" encoding="UTF-8"?>
<!-- Generated by org.testng.reporters.JUnitReportReporter -->
<testsuite skipped="0" hostname="RCT-7D020565H" name="AutoManPracticeTestCases.experiment" tests="1" failures="0" timestamp="2020-08-24T01:20:54 EDT" time="1.874" errors="0">
  <testcase name="data" time="1.874" classname="AutoManPracticeTestCases.experiment"/>
  <system-out/>
</testsuite> <!-- AutoManPracticeTestCases.experiment -->
